Arguments: 
  C:\Program Files\nodejs\node.exe C:\Users\Lenovo\AppData\Roaming\npm\node_modules\yarn\bin\yarn.js add @material-ui/core/Avatar

PATH: 
  C:\Python310\Scripts\;C:\Python310\;C:\Program Files\Python38\Scripts\;C:\Program Files\Python38\;C:\Windows\system32;C:\Windows;C:\Windows\System32\Wbem;C:\Windows\System32\WindowsPowerShell\v1.0\;C:\Windows\System32\OpenSSH\;C:\ProgramData\chocolatey\bin;C:\Program Files\Git\cmd;C:\Program Files\nodejs\;C:\Users\Lenovo\AppData\Local\Microsoft\WindowsApps;C:\Users\Lenovo\AppData\Local\GitHubDesktop\bin;C:\Program Files\JetBrains\PyCharm Community Edition 2022.1\bin;;C:\Users\Lenovo\AppData\Roaming\npm;C:\Users\Lenovo\AppData\Local\Programs\Microsoft VS Code\bin;C:\Program Files\heroku\bin

Yarn version: 
  1.22.18

Node version: 
  16.15.0

Platform: 
  win32 x64

Trace: 
  Error: https://registry.yarnpkg.com/@material-ui%2fcore/Avatar: Request "https://registry.yarnpkg.com/@material-ui%2fcore/Avatar" returned a 405
      at Request.params.callback [as _callback] (C:\Users\Lenovo\AppData\Roaming\npm\node_modules\yarn\lib\cli.js:66147:18)
      at Request.self.callback (C:\Users\Lenovo\AppData\Roaming\npm\node_modules\yarn\lib\cli.js:140883:22)
      at Request.emit (node:events:527:28)
      at Request.<anonymous> (C:\Users\Lenovo\AppData\Roaming\npm\node_modules\yarn\lib\cli.js:141855:10)
      at Request.emit (node:events:527:28)
      at IncomingMessage.<anonymous> (C:\Users\Lenovo\AppData\Roaming\npm\node_modules\yarn\lib\cli.js:141777:12)
      at Object.onceWrapper (node:events:641:28)
      at IncomingMessage.emit (node:events:539:35)
      at endReadableNT (node:internal/streams/readable:1345:12)
      at processTicksAndRejections (node:internal/process/task_queues:83:21)

npm manifest: 
  {
    "name": "major-portal",
    "version": "0.1.0",
    "private": true,
    "dependencies": {
      "@emotion/react": "^11.9.3",
      "@emotion/styled": "^11.9.3",
      "@mui/icons-material": "^5.6.2",
      "@mui/lab": "^5.0.0-alpha.81",
      "@mui/material": "^5.7.0",
      "@mui/x-data-grid": "^5.12.0",
      "@mui/x-data-grid-generator": "^5.12.0",
      "@testing-library/jest-dom": "^5.16.4",
      "@testing-library/react": "^13.3.0",
      "@testing-library/user-event": "^13.5.0",
      "firebase": "^9.6.3",
      "react": "^18.2.0",
      "react-dom": "^18.2.0",
      "react-firebase-hooks": "^4.0.2",
      "react-router-dom": "^6.3.0",
      "react-scripts": "5.0.1",
      "web-vitals": "^2.1.4"
    },
    
    "scripts": {
      "dev": "react-scripts start",
      "start": "serve -s build",
      "build": "react-scripts build",
      "test": "react-scripts test --env=jsdom",
      "eject": "react-scripts eject",
      "heroku-postbuild": "npm run build"
      },
    "eslintConfig": {
      "extends": [
        "react-app",
        "react-app/jest"
      ]
    },
    "browserslist": {
      "production": [
        ">0.2%",
        "not dead",
        "not op_mini all"
      ],
      "development": [
        "last 1 chrome version",
        "last 1 firefox version",
        "last 1 safari version"
      ]
    }
  }

yarn manifest: 
  No manifest

Lockfile: 
  No lockfile
